2026-06-12 05:13:35 [INFO   ] Log file: C:\Users\sandeep\Downloads\Claudes\investment\logs\immigration_2026-06-12_05-13-35.log
2026-06-12 05:13:35 [INFO   ] Scrape targets: up to 50 companies, stop early after 2 company(ies) with email
2026-06-12 05:13:35 [INFO   ] Industry selection: random order on each query pick (distributes across verticals)
2026-06-12 05:13:36 [INFO   ] Using browser: chrome
2026-06-12 05:13:36 [INFO   ] Industry: education_finance | Query: skill financing company India contact
2026-06-12 05:13:36 [INFO   ] Google search: skill financing company India contact
2026-06-12 05:13:40 [INFO   ]   Found 10 unique result(s).
2026-06-12 05:13:40 [INFO   ] Scraping Contact (https://www.lskfin.com/contact)
2026-06-12 05:13:45 [INFO   ]   Closed pop-up/obstruction: [role="dialog"] button[aria-label*="dismiss" i]
2026-06-12 05:13:45 [INFO   ]   Email found: support@lskfin.com
2026-06-12 05:13:45 [INFO   ]   Email found: strategy@lskfin.com
2026-06-12 05:13:45 [INFO   ] Skip duplicate domain: nsdcindia.org
2026-06-12 05:13:45 [INFO   ] Skip duplicate domain: skillindiadigital.gov.in
2026-06-12 05:13:45 [INFO   ] Scraping JSW Foundation (https://group.jsw.in/foundation/jsw-foundation-indias-first-skill#:~:text=The%20Skill%20Impact%20Bond%20(SIB,in%20India%20over%20four%20years.)
2026-06-12 05:13:53 [INFO   ]   No email found (at_symbol_but_no_valid_email).
2026-06-12 05:13:53 [INFO   ] Scraping Ministry of Skill Development and Entrepreneurship: Home (https://www.msde.gov.in/)
2026-06-12 05:13:55 [INFO   ]   Closed pop-up/obstruction: button:has-text("Decline")
2026-06-12 05:14:06 [INFO   ]   No email found (at_symbol_but_no_valid_email).
2026-06-12 05:14:06 [INFO   ] Skip duplicate domain: eduvanz.com
2026-06-12 05:14:06 [INFO   ] Scraping SECTOR SKILL COUNCILS (SSCs) S.No. ... (https://csirhrdc.res.in/sites/default/files/%28ii%29%20NSDC%20SSC%20Contact%20Points.pdf)
2026-06-12 05:14:14 [INFO   ]   No email found (no_at_symbol_on_page).
2026-06-12 05:14:14 [INFO   ] Skip duplicate domain: myscheme.gov.in
2026-06-12 05:14:14 [INFO   ] Scraping Best Finance Courses Certifications Programs Online (https://skillfine.com/)
2026-06-12 05:14:57 [INFO   ]   Email found: support@skillfine.com
2026-06-12 05:14:57 [INFO   ] Scraping National Skill Development Corporation (NSDC) Contact No. (https://www.indiacustomercare.com/skill-development-toll-free-number-1800-200-6168)
2026-06-12 05:15:21 [INFO   ]   Email found: rag.raggupta@gmail.com
2026-06-12 05:15:21 [INFO   ]   Email found: enquiry@nsdcindia.org
2026-06-12 05:15:21 [INFO   ]   Email found: proposals@nsdcindia.org
2026-06-12 05:15:21 [INFO   ]   Email found: apprenticeship@nsdcindia.org
2026-06-12 05:15:21 [INFO   ]   Email found: support.smart@nsdcindia.org
2026-06-12 05:15:21 [INFO   ]   Email found: marketplace@nsdcindia.org
2026-06-12 05:15:21 [INFO   ]   Email found: businessdev@aassc.in
2026-06-12 05:15:21 [INFO   ]   Email found: finance@asci-india.com
2026-06-12 05:15:21 [INFO   ]   Email found: smritee.dwivedi@sscamh.com
2026-06-12 05:15:21 [INFO   ]   Email found: jagdeesh@asdc.org.in
2026-06-12 05:15:21 [INFO   ]   Email found: info@bwssc.in
2026-06-12 05:15:21 [INFO   ]   Email found: ranjan.soumya@bfsissc.com
2026-06-12 05:15:21 [INFO   ]   Email found: agm@cgssc.org
2026-06-12 05:15:21 [INFO   ]   Email found: esupport@csdcindia.org
2026-06-12 05:15:21 [INFO   ]   Email found: info@dwsscindia.com
2026-06-12 05:15:21 [INFO   ]   Email found: varun@essc-india.org
2026-06-12 05:15:21 [INFO   ]   Email found: santosh@ficsi.in
2026-06-12 05:15:21 [INFO   ]   Email found: taskforce@ffsc.in
2026-06-12 05:15:21 [INFO   ]   Email found: gmops@gjsci.org
2026-06-12 05:15:21 [INFO   ]   Email found: project.cen@hcssc.in
2026-06-12 05:15:21 [INFO   ]   Email found: seemonti.sarkar@healthcare-ssc.in
2026-06-12 05:15:21 [INFO   ]   Email found: preetik@hsscindia.in
2026-06-12 05:15:21 [INFO   ]   Email found: varsha@iisssc.org
2026-06-12 05:15:21 [INFO   ]   Email found: varun.tandon@ipssc.in
2026-06-12 05:15:21 [INFO   ]   Email found: mamatha.sv@iescindia.com
2026-06-12 05:15:21 [INFO   ]   Email found: manager.operations@iascsectorskillcouncil.in
2026-06-12 05:15:21 [INFO   ]   Email found: ksingh@nasscom.in
2026-06-12 05:15:21 [INFO   ]   Email found: maqsood@leatherssc.org
2026-06-12 05:15:21 [INFO   ]   Email found: secretariat@lsssdc.in
2026-06-12 05:15:21 [INFO   ]   Email found: saravanan@lsc-india.com
2026-06-12 05:15:21 [INFO   ]   Email found: ssaha@mepsc.in
2026-06-12 05:15:21 [INFO   ]   Email found: coo@mescindia.org
2026-06-12 05:15:21 [INFO   ]   Email found: bishwajeet.singh@psscindia.org
2026-06-12 05:15:21 [INFO   ]   Email found: r.subramanian@rasci.in
2026-06-12 05:15:21 [INFO   ]   Email found: kn.jha@rcpsdc.in
2026-06-12 05:15:21 [INFO   ]   Email found: kamal@sscgj.in
2026-06-12 05:15:21 [INFO   ]   Email found: scms@skillcms.in
2026-06-12 05:15:21 [INFO   ]   Email found: ashishkr.chaudhary@scpwd.in
2026-06-12 05:15:21 [INFO   ]   Email found: tahsin.zahid@sportsskills.in
2026-06-12 05:15:21 [INFO   ]   Email found: varun.sharma@tsscindia.com
2026-06-12 05:15:21 [INFO   ]   Email found: raja@texskill.in
2026-06-12 05:15:21 [INFO   ]   Email found: gunjan.aneja@wmpsc.in
2026-06-12 05:15:21 [INFO   ]   Email found: vivek.shandilya@thsc.in
2026-06-12 05:15:21 [INFO   ]   Email found: grievance@nsdcindia.org
2026-06-12 05:15:21 [INFO   ]   Email found: bas-msde@gov.in
2026-06-12 05:15:21 [INFO   ]   Email found: aebasnet-skill@gov.in
2026-06-12 05:15:21 [INFO   ]   Email found: aebasmgr-skill@gov.in
2026-06-12 05:15:21 [INFO   ]   Email found: kashyap@nic.in
2026-06-12 05:15:21 [INFO   ]   Email found: vijay.hazari@nsdcindia.org
2026-06-12 05:15:21 [INFO   ]   Email found: shalu.bhatia@nsdcindia.org
2026-06-12 05:15:21 [INFO   ]   Email found: mahendra.payaal@nsdcindia.org
2026-06-12 05:15:21 [INFO   ] Email target reached (3 companies with email, goal 2) — stopping scrape.
2026-06-12 05:15:22 [INFO   ] Scrape complete: {'queries_run': 1, 'companies_scraped': 6, 'companies_with_email': 3, 'emails_found': 54, 'email_target': 2, 'max_companies': 50, 'browser_used': 'chrome', 'industry_filter': 'all'}
2026-06-12 05:15:22 [INFO   ] === Checking inboxes for human replies ===
2026-06-12 05:15:22 [INFO   ] Reply check: forward_to=sandeepjain200019@gmail.com lookback=30d campaign_subject_bases=1
2026-06-12 05:15:22 [INFO   ] Known sent recipients: 24 | stored Message-IDs: 18
2026-06-12 05:15:22 [INFO   ] Checking inbox: jain1001sandeep@gmail.com
2026-06-12 05:15:24 [INFO   ]   jain1001sandeep@gmail.com: 14 INBOX message(s) in last 30 days
2026-06-12 05:15:24 [DEBUG  ]   Skip (system_or_autoreply): =?utf-8?B?QXV0b21hdGlzY2hlIEFudHdvcnQ6IERlbGl2ZXJ5
2026-06-12 05:15:24 [DEBUG  ]   Skip (system_or_autoreply): =?UTF-8?Q?Quarterly_reminder_about_YouTube=E2=80=9
2026-06-12 05:15:25 [DEBUG  ]   Skip (system_or_autoreply): Reminder: Information Technology Rules
2026-06-12 05:15:25 [DEBUG  ]   Skip (system_or_autoreply): Quarterly reminder about Google Play terms and pol
2026-06-12 05:15:25 [DEBUG  ]   Skip (system_or_autoreply): Security alert
2026-06-12 05:15:26 [DEBUG  ]   Skip (system_or_autoreply): =?Windows-1252?Q?Undeliverable:_Delivery_&_Project
2026-06-12 05:15:26 [DEBUG  ]   Skip (system_or_autoreply): Security alert
2026-06-12 05:15:26 [DEBUG  ]   Skip (system_or_autoreply): Security alert
2026-06-12 05:15:26 [DEBUG  ]   Skip (system_or_autoreply): Delivery Status Notification (Failure)
2026-06-12 05:15:27 [DEBUG  ]   Skip (no_correlation): =?utf-8?B?V2hhdOKAmXMgbmV3IGluIENsaWNrVXA6IEFJIG1l
2026-06-12 05:15:27 [DEBUG  ]   Skip (system_or_autoreply): Get an exclusive discount when you complete sign-u
2026-06-12 05:15:27 [DEBUG  ]   Skip (no_correlation): New Case # 04595704 Creation Notification
2026-06-12 05:15:28 [DEBUG  ]   Skip (system_or_autoreply): Delivery Status Notification (Failure)
2026-06-12 05:15:28 [DEBUG  ]   Skip (no_correlation): Ticket # 04595704 Closed Notification
2026-06-12 05:15:28 [INFO   ] Reply check complete: {'scanned': 14, 'forwarded': 0, 'skipped': 14, 'nvidia': 0, 'errors': 0}
2026-06-12 05:15:28 [INFO   ] Reply check: {'scanned': 14, 'forwarded': 0, 'skipped': 14, 'nvidia': 0, 'errors': 0}
2026-06-12 05:15:28 [INFO   ] Sending up to 10 email(s) this run (emails_per_run).
2026-06-12 05:15:28 [INFO   ] Loaded 41 NVIDIA API key(s) for rotation.
2026-06-12 05:15:42 [INFO   ] SENT -> info@digisnare.com (Coding Bootcamp for beginners, Near Me) | Exploring a potential partnership opportunity with digisnare.com
2026-06-12 05:15:55 [INFO   ] SENT -> info@scoreleap.in (Career) | Exploring a potential partnership opportunity with scoreleap.in
2026-06-12 05:16:08 [INFO   ] SENT -> info@wisgrowth.com (Career test for India) | Exploring a potential partnership opportunity with wisgrowth.com
2026-06-12 05:16:23 [INFO   ] SENT -> info@ajmeralaw.com (Ajmeralaw) | Exploring a potential partnership opportunity with ajmeralaw.com
2026-06-12 05:16:38 [INFO   ] SENT -> info@lawquestinternational.com (Lawquestinternational) | Exploring a potential partnership opportunity with lawquestinternational.com
2026-06-12 05:16:52 [INFO   ] SENT -> info@navratanfateh.com (Navratanfateh) | Exploring a potential partnership opportunity with navratanfateh.com
2026-06-12 05:17:07 [INFO   ] SENT -> info@eb5brics.com (Get Green Card thru EB-5 Visa) | Exploring a potential partnership opportunity with eb5brics.com
2026-06-12 05:17:27 [INFO   ] SENT -> info@usimmigrationadvisor.com (EB-5 Visa & US Immigration Lawyers in Mumbai) | Exploring a potential partnership opportunity with eb5visaindia.com
2026-06-12 05:18:02 [WARNING] NVIDIA call failed (attempt 1/5): The read operation timed out — rotating key.
2026-06-12 05:18:10 [INFO   ] SENT -> info@msajobsonline.com (Pune Placement Agencies Directory) | Exploring a potential partnership opportunity with scribd.com
2026-06-12 05:18:26 [INFO   ] SENT -> info@humanforte.com (Executive Search & Recruitment Agency in Pune & PCMC) | Exploring a potential partnership opportunity with humanforte.com
2026-06-12 05:18:31 [INFO   ] Send complete: {'sent': 10, 'failed': 0, 'skipped': 0}
2026-06-12 05:18:31 [INFO   ] 
2026-06-12 05:18:31 [INFO   ] ==============================================================
2026-06-12 05:18:31 [INFO   ]   RUN SUMMARY
2026-06-12 05:18:31 [INFO   ] ==============================================================
2026-06-12 05:18:31 [INFO   ]   Scrape (this run)
2026-06-12 05:18:31 [INFO   ]     Companies scraped:        6
2026-06-12 05:18:31 [INFO   ]     Companies with email:     3
2026-06-12 05:18:31 [INFO   ]     Emails scraped/found:     54
2026-06-12 05:18:31 [INFO   ]     Search queries run:       1
2026-06-12 05:18:31 [INFO   ]     Browser used:             chrome
2026-06-12 05:18:31 [INFO   ]   Replies (this run)
2026-06-12 05:18:31 [INFO   ]     Reply check:              skipped
2026-06-12 05:18:31 [INFO   ]   Send (this run)
2026-06-12 05:18:31 [INFO   ]     Emails sent:              10
2026-06-12 05:18:31 [INFO   ]     Send failed:              0
2026-06-12 05:18:31 [INFO   ]     Skipped (dry-run/already): 0
2026-06-12 05:18:31 [INFO   ]   Database totals (all runs)
2026-06-12 05:18:31 [INFO   ]     Companies in database:    93
2026-06-12 05:18:31 [INFO   ]     Companies with email:     82
2026-06-12 05:18:31 [INFO   ]     Emails scraped (total):   239
2026-06-12 05:18:31 [INFO   ]     Emails sent (total):      34
2026-06-12 05:18:31 [INFO   ]     Replies forwarded (total): 0
2026-06-12 05:18:31 [INFO   ] ==============================================================
2026-06-12 05:18:31 [INFO   ] 
